<?xml version="1.0" encoding="UTF-8"?>
<!-- Generated by org.testng.reporters.JUnitReportReporter -->
<testsuite skipped="0" hostname="DESKTOP-F4AUIKR" name="tests.AccountTests" tests="3" failures="0" timestamp="2022-05-23T16:02:29 EET" time="48.636" errors="0">
  <testcase name="goToProfile" time="7.104" classname="tests.AccountTests"/>
  <system-out/>
  <testcase name="Login" time="25.791" classname="tests.AccountTests"/>
  <system-out/>
  <testcase name="goToWomen" time="15.741" classname="tests.AccountTests"/>
  <system-out/>
</testsuite> <!-- tests.AccountTests -->
