<?xml version="1.0" encoding="UTF-8"?>
<!-- Generated by org.testng.reporters.JUnitReportReporter -->
<testsuite skipped="0" hostname="DESKTOP-F4AUIKR" name="tests.GoToDressesTests" tests="1" failures="0" timestamp="2022-05-23T16:02:29 EET" time="5.308" errors="0">
  <testcase name="goToDressesPage" time="5.308" classname="tests.GoToDressesTests"/>
  <system-out/>
</testsuite> <!-- tests.GoToDressesTests -->
